# JRE version: Java(TM) SE Runtime Environment (8.0_201-b09) (build 1.8.0_201-b09)
# Java VM: Java HotSpot(TM) 64-Bit Server VM (25.201-b09 mixed mode windows-amd64 compressed oops)
Heap:
 PSYoungGen      total 98816K, used 24983K [0x000000076c000000, 0x0000000773000000, 0x00000007c0000000)
  eden space 88064K, 28% used [0x000000076c000000,0x000000076d865c90,0x0000000771600000)
  from space 10752K, 0% used [0x0000000772080000,0x0000000772080000,0x0000000772b00000)
  to   space 10752K, 0% used [0x0000000771600000,0x0000000771600000,0x0000000772080000)
 ParOldGen       total 122368K, used 11941K [0x00000006c4000000, 0x00000006cb780000, 0x000000076c000000)
  object space 122368K, 9% used [0x00000006c4000000,0x00000006c4ba9410,0x00000006cb780000)
 Metaspace       used 38953K, capacity 39620K, committed 40104K, reserved 1083392K
  class space    used 5517K, capacity 5686K, committed 5800K, reserved 1048576K
GC Heap History (10 events):
Event: 1.110 GC heap before
{Heap before GC invocations=2 (full 0):
 PSYoungGen      total 75264K, used 60988K [0x000000076c000000, 0x0000000771400000, 0x00000007c0000000)
  eden space 64512K, 92% used [0x000000076c000000,0x000000076fa23a98,0x000000076ff00000)
  from space 10752K, 13% used [0x000000076ff00000,0x000000077006b920,0x0000000770980000)
  to   space 10752K, 0% used [0x0000000770980000,0x0000000770980000,0x0000000771400000)
 ParOldGen       total 172032K, used 8K [0x00000006c4000000, 0x00000006ce800000, 0x000000076c000000)
  object space 172032K, 0% used [0x00000006c4000000,0x00000006c4002000,0x00000006ce800000)
 Metaspace       used 20792K, capacity 21104K, committed 21296K, reserved 1067008K
  class space    used 2810K, capacity 2913K, committed 2944K, reserved 1048576K
Event: 1.118 GC heap after
Heap after GC invocations=2 (full 0):
 PSYoungGen      total 75264K, used 10741K [0x000000076c000000, 0x0000000771400000, 0x00000007c0000000)
  eden space 64512K, 0% used [0x000000076c000000,0x000000076c000000,0x000000076ff00000)
  from space 10752K, 99% used [0x0000000770980000,0x00000007713fd4b0,0x0000000771400000)
  to   space 10752K, 0% used [0x000000076ff00000,0x000000076ff00000,0x0000000770980000)
 ParOldGen       total 172032K, used 1913K [0x00000006c4000000, 0x00000006ce800000, 0x000000076c000000)
  object space 172032K, 1% used [0x00000006c4000000,0x00000006c41de618,0x00000006ce800000)
 Metaspace       used 20792K, capacity 21104K, committed 21296K, reserved 1067008K
  class space    used 2810K, capacity 2913K, committed 2944K, reserved 1048576K
}
Event: 1.118 GC heap before
{Heap before GC invocations=3 (full 1):
 PSYoungGen      total 75264K, used 10741K [0x000000076c000000, 0x0000000771400000, 0x00000007c0000000)
  eden space 64512K, 0% used [0x000000076c000000,0x000000076c000000,0x000000076ff00000)
  from space 10752K, 99% used [0x0000000770980000,0x00000007713fd4b0,0x0000000771400000)
  to   space 10752K, 0% used [0x000000076ff00000,0x000000076ff00000,0x0000000770980000)
 ParOldGen       total 172032K, used 1913K [0x00000006c4000000, 0x00000006ce800000, 0x000000076c000000)
  object space 172032K, 1% used [0x00000006c4000000,0x00000006c41de618,0x00000006ce800000)
 Metaspace       used 20792K, capacity 21104K, committed 21296K, reserved 1067008K
  class space    used 2810K, capacity 2913K, committed 2944K, reserved 1048576K
Event: 1.136 GC heap after
Heap after GC invocations=3 (full 1):
 PSYoungGen      total 75264K, used 0K [0x000000076c000000, 0x0000000771400000, 0x00000007c0000000)
  eden space 64512K, 0% used [0x000000076c000000,0x000000076c000000,0x000000076ff00000)
  from space 10752K, 0% used [0x0000000770980000,0x0000000770980000,0x0000000771400000)
  to   space 10752K, 0% used [0x000000076ff00000,0x000000076ff00000,0x0000000770980000)
 ParOldGen       total 122368K, used 11923K [0x00000006c4000000, 0x00000006cb780000, 0x000000076c000000)
  object space 122368K, 9% used [0x00000006c4000000,0x00000006c4ba4fc8,0x00000006cb780000)
 Metaspace       used 20792K, capacity 21104K, committed 21296K, reserved 1067008K
  class space    used 2810K, capacity 2913K, committed 2944K, reserved 1048576K
}
Event: 1.938 GC heap before
{Heap before GC invocations=4 (full 1):
 PSYoungGen      total 75264K, used 64512K [0x000000076c000000, 0x0000000771400000, 0x00000007c0000000)
  eden space 64512K, 100% used [0x000000076c000000,0x000000076ff00000,0x000000076ff00000)
  from space 10752K, 0% used [0x0000000770980000,0x0000000770980000,0x0000000771400000)
  to   space 10752K, 0% used [0x000000076ff00000,0x000000076ff00000,0x0000000770980000)
 ParOldGen       total 122368K, used 11923K [0x00000006c4000000, 0x00000006cb780000, 0x000000076c000000)
  object space 122368K, 9% used [0x00000006c4000000,0x00000006c4ba4fc8,0x00000006cb780000)
 Metaspace       used 30904K, capacity 31318K, committed 31744K, reserved 1077248K
  class space    used 4185K, capacity 4333K, committed 4352K, reserved 1048576K
Event: 1.948 GC heap after
Heap after GC invocations=4 (full 1):
 PSYoungGen      total 75264K, used 10736K [0x000000076c000000, 0x0000000772b00000, 0x00000007c0000000)
  eden space 64512K, 0% used [0x000000076c000000,0x000000076c000000,0x000000076ff00000)
  from space 10752K, 99% used [0x000000076ff00000,0x000000077097c1a8,0x0000000770980000)
  to   space 10752K, 0% used [0x0000000772080000,0x0000000772080000,0x0000000772b00000)
 ParOldGen       total 122368K, used 11965K [0x00000006c4000000, 0x00000006cb780000, 0x000000076c000000)
  object space 122368K, 9% used [0x00000006c4000000,0x00000006c4baf648,0x00000006cb780000)
 Metaspace       used 30904K, capacity 31318K, committed 31744K, reserved 1077248K
  class space    used 4185K, capacity 4333K, committed 4352K, reserved 1048576K
}
Event: 2.235 GC heap before
{Heap before GC invocations=5 (full 1):
 PSYoungGen      total 75264K, used 32282K [0x000000076c000000, 0x0000000772b00000, 0x00000007c0000000)
  eden space 64512K, 33% used [0x000000076c000000,0x000000076d50a820,0x000000076ff00000)
  from space 10752K, 99% used [0x000000076ff00000,0x000000077097c1a8,0x0000000770980000)
  to   space 10752K, 0% used [0x0000000772080000,0x0000000772080000,0x0000000772b00000)
 ParOldGen       total 122368K, used 11965K [0x00000006c4000000, 0x00000006cb780000, 0x000000076c000000)
  object space 122368K, 9% used [0x00000006c4000000,0x00000006c4baf648,0x00000006cb780000)
 Metaspace       used 34801K, capacity 35380K, committed 35496K, reserved 1079296K
  class space    used 4868K, capacity 5014K, committed 5032K, reserved 1048576K
Event: 2.242 GC heap after
Heap after GC invocations=5 (full 1):
 PSYoungGen      total 98816K, used 7287K [0x000000076c000000, 0x0000000773000000, 0x00000007c0000000)
  eden space 88064K, 0% used [0x000000076c000000,0x000000076c000000,0x0000000771600000)
  from space 10752K, 67% used [0x0000000772080000,0x000000077279dc48,0x0000000772b00000)
  to   space 10752K, 0% used [0x0000000771600000,0x0000000771600000,0x0000000772080000)
 ParOldGen       total 122368K, used 11965K [0x00000006c4000000, 0x00000006cb780000, 0x000000076c000000)
  object space 122368K, 9% used [0x00000006c4000000,0x00000006c4baf648,0x00000006cb780000)
 Metaspace       used 34801K, capacity 35380K, committed 35496K, reserved 1079296K
  class space    used 4868K, capacity 5014K, committed 5032K, reserved 1048576K
}
Event: 2.242 GC heap before
{Heap before GC invocations=6 (full 2):
 PSYoungGen      total 98816K, used 7287K [0x000000076c000000, 0x0000000773000000, 0x00000007c0000000)
  eden space 88064K, 0% used [0x000000076c000000,0x000000076c000000,0x0000000771600000)
  from space 10752K, 67% used [0x0000000772080000,0x000000077279dc48,0x0000000772b00000)
  to   space 10752K, 0% used [0x0000000771600000,0x0000000771600000,0x0000000772080000)
 ParOldGen       total 122368K, used 11965K [0x00000006c4000000, 0x00000006cb780000, 0x000000076c000000)
  object space 122368K, 9% used [0x00000006c4000000,0x00000006c4baf648,0x00000006cb780000)
 Metaspace       used 34801K, capacity 35380K, committed 35496K, reserved 1079296K
  class space    used 4868K, capacity 5014K, committed 5032K, reserved 1048576K
Event: 2.281 GC heap after
Heap after GC invocations=6 (full 2):
 PSYoungGen      total 98816K, used 0K [0x000000076c000000, 0x0000000773000000, 0x00000007c0000000)
  eden space 88064K, 0% used [0x000000076c000000,0x000000076c000000,0x0000000771600000)
  from space 10752K, 0% used [0x0000000772080000,0x0000000772080000,0x0000000772b00000)
  to   space 10752K, 0% used [0x0000000771600000,0x0000000771600000,0x0000000772080000)
 ParOldGen       total 122368K, used 11941K [0x00000006c4000000, 0x00000006cb780000, 0x000000076c000000)
  object space 122368K, 9% used [0x00000006c4000000,0x00000006c4ba9410,0x00000006cb780000)
 Metaspace       used 34801K, capacity 35380K, committed 35496K, reserved 1079296K
  class space    used 4868K, capacity 5014K, committed 5032K, reserved 1048576K
}

