# JRE version: Java(TM) SE Runtime Environment (8.0_201-b09) (build 1.8.0_201-b09)
# Java VM: Java HotSpot(TM) 64-Bit Server VM (25.201-b09 mixed mode windows-amd64 compressed oops)
Heap:
 PSYoungGen      total 75264K, used 11962K [0x000000076c000000, 0x0000000772b00000, 0x00000007c0000000)
  eden space 64512K, 1% used [0x000000076c000000,0x000000076c139920,0x000000076ff00000)
  from space 10752K, 99% used [0x000000076ff00000,0x00000007709750c8,0x0000000770980000)
  to   space 10752K, 0% used [0x0000000772080000,0x0000000772080000,0x0000000772b00000)
 ParOldGen       total 122368K, used 11887K [0x00000006c4000000, 0x00000006cb780000, 0x000000076c000000)
  object space 122368K, 9% used [0x00000006c4000000,0x00000006c4b9be50,0x00000006cb780000)
 Metaspace       used 30992K, capacity 31388K, committed 31744K, reserved 1077248K
  class space    used 4209K, capacity 4334K, committed 4352K, reserved 1048576K
GC Heap History (8 events):
Event: 0.230 GC heap before
{Heap before GC invocations=1 (full 0):
 PSYoungGen      total 75264K, used 64512K [0x000000076c000000, 0x0000000771400000, 0x00000007c0000000)
  eden space 64512K, 100% used [0x000000076c000000,0x000000076ff00000,0x000000076ff00000)
  from space 10752K, 0% used [0x0000000770980000,0x0000000770980000,0x0000000771400000)
  to   space 10752K, 0% used [0x000000076ff00000,0x000000076ff00000,0x0000000770980000)
 ParOldGen       total 172032K, used 0K [0x00000006c4000000, 0x00000006ce800000, 0x000000076c000000)
  object space 172032K, 0% used [0x00000006c4000000,0x00000006c4000000,0x00000006ce800000)
 Metaspace       used 3927K, capacity 5204K, committed 5376K, reserved 1056768K
  class space    used 423K, capacity 456K, committed 512K, reserved 1048576K
Event: 0.232 GC heap after
Heap after GC invocations=1 (full 0):
 PSYoungGen      total 75264K, used 1509K [0x000000076c000000, 0x0000000771400000, 0x00000007c0000000)
  eden space 64512K, 0% used [0x000000076c000000,0x000000076c000000,0x000000076ff00000)
  from space 10752K, 14% used [0x000000076ff00000,0x0000000770079708,0x0000000770980000)
  to   space 10752K, 0% used [0x0000000770980000,0x0000000770980000,0x0000000771400000)
 ParOldGen       total 172032K, used 8K [0x00000006c4000000, 0x00000006ce800000, 0x000000076c000000)
  object space 172032K, 0% used [0x00000006c4000000,0x00000006c4002000,0x00000006ce800000)
 Metaspace       used 3927K, capacity 5204K, committed 5376K, reserved 1056768K
  class space    used 423K, capacity 456K, committed 512K, reserved 1048576K
}
Event: 1.112 GC heap before
{Heap before GC invocations=2 (full 0):
 PSYoungGen      total 75264K, used 60883K [0x000000076c000000, 0x0000000771400000, 0x00000007c0000000)
  eden space 64512K, 92% used [0x000000076c000000,0x000000076f9fb598,0x000000076ff00000)
  from space 10752K, 14% used [0x000000076ff00000,0x0000000770079708,0x0000000770980000)
  to   space 10752K, 0% used [0x0000000770980000,0x0000000770980000,0x0000000771400000)
 ParOldGen       total 172032K, used 8K [0x00000006c4000000, 0x00000006ce800000, 0x000000076c000000)
  object space 172032K, 0% used [0x00000006c4000000,0x00000006c4002000,0x00000006ce800000)
 Metaspace       used 20775K, capacity 21102K, committed 21296K, reserved 1067008K
  class space    used 2806K, capacity 2911K, committed 2944K, reserved 1048576K
Event: 1.120 GC heap after
Heap after GC invocations=2 (full 0):
 PSYoungGen      total 75264K, used 10725K [0x000000076c000000, 0x0000000771400000, 0x00000007c0000000)
  eden space 64512K, 0% used [0x000000076c000000,0x000000076c000000,0x000000076ff00000)
  from space 10752K, 99% used [0x0000000770980000,0x00000007713f9510,0x0000000771400000)
  to   space 10752K, 0% used [0x000000076ff00000,0x000000076ff00000,0x0000000770980000)
 ParOldGen       total 172032K, used 1913K [0x00000006c4000000, 0x00000006ce800000, 0x000000076c000000)
  object space 172032K, 1% used [0x00000006c4000000,0x00000006c41de778,0x00000006ce800000)
 Metaspace       used 20775K, capacity 21102K, committed 21296K, reserved 1067008K
  class space    used 2806K, capacity 2911K, committed 2944K, reserved 1048576K
}
Event: 1.120 GC heap before
{Heap before GC invocations=3 (full 1):
 PSYoungGen      total 75264K, used 10725K [0x000000076c000000, 0x0000000771400000, 0x00000007c0000000)
  eden space 64512K, 0% used [0x000000076c000000,0x000000076c000000,0x000000076ff00000)
  from space 10752K, 99% used [0x0000000770980000,0x00000007713f9510,0x0000000771400000)
  to   space 10752K, 0% used [0x000000076ff00000,0x000000076ff00000,0x0000000770980000)
 ParOldGen       total 172032K, used 1913K [0x00000006c4000000, 0x00000006ce800000, 0x000000076c000000)
  object space 172032K, 1% used [0x00000006c4000000,0x00000006c41de778,0x00000006ce800000)
 Metaspace       used 20775K, capacity 21102K, committed 21296K, reserved 1067008K
  class space    used 2806K, capacity 2911K, committed 2944K, reserved 1048576K
Event: 1.139 GC heap after
Heap after GC invocations=3 (full 1):
 PSYoungGen      total 75264K, used 0K [0x000000076c000000, 0x0000000771400000, 0x00000007c0000000)
  eden space 64512K, 0% used [0x000000076c000000,0x000000076c000000,0x000000076ff00000)
  from space 10752K, 0% used [0x0000000770980000,0x0000000770980000,0x0000000771400000)
  to   space 10752K, 0% used [0x000000076ff00000,0x000000076ff00000,0x0000000770980000)
 ParOldGen       total 122368K, used 11879K [0x00000006c4000000, 0x00000006cb780000, 0x000000076c000000)
  object space 122368K, 9% used [0x00000006c4000000,0x00000006c4b99e50,0x00000006cb780000)
 Metaspace       used 20775K, capacity 21102K, committed 21296K, reserved 1067008K
  class space    used 2806K, capacity 2911K, committed 2944K, reserved 1048576K
}
Event: 2.010 GC heap before
{Heap before GC invocations=4 (full 1):
 PSYoungGen      total 75264K, used 64512K [0x000000076c000000, 0x0000000771400000, 0x00000007c0000000)
  eden space 64512K, 100% used [0x000000076c000000,0x000000076ff00000,0x000000076ff00000)
  from space 10752K, 0% used [0x0000000770980000,0x0000000770980000,0x0000000771400000)
  to   space 10752K, 0% used [0x000000076ff00000,0x000000076ff00000,0x0000000770980000)
 ParOldGen       total 122368K, used 11879K [0x00000006c4000000, 0x00000006cb780000, 0x000000076c000000)
  object space 122368K, 9% used [0x00000006c4000000,0x00000006c4b99e50,0x00000006cb780000)
 Metaspace       used 30884K, capacity 31286K, committed 31744K, reserved 1077248K
  class space    used 4176K, capacity 4301K, committed 4352K, reserved 1048576K
Event: 2.020 GC heap after
Heap after GC invocations=4 (full 1):
 PSYoungGen      total 75264K, used 10708K [0x000000076c000000, 0x0000000772b00000, 0x00000007c0000000)
  eden space 64512K, 0% used [0x000000076c000000,0x000000076c000000,0x000000076ff00000)
  from space 10752K, 99% used [0x000000076ff00000,0x00000007709750c8,0x0000000770980000)
  to   space 10752K, 0% used [0x0000000772080000,0x0000000772080000,0x0000000772b00000)
 ParOldGen       total 122368K, used 11887K [0x00000006c4000000, 0x00000006cb780000, 0x000000076c000000)
  object space 122368K, 9% used [0x00000006c4000000,0x00000006c4b9be50,0x00000006cb780000)
 Metaspace       used 30884K, capacity 31286K, committed 31744K, reserved 1077248K
  class space    used 4176K, capacity 4301K, committed 4352K, reserved 1048576K
}

